<?xml version="1.0" encoding="UTF-8"?>
<!-- Generated by org.testng.reporters.JUnitReportReporter -->
<testsuite hostname="LAPTOP-PLNO5R2G" failures="0" tests="2" name="com.qa.hybridninja.testcases.HybridNinja_Landing_Test" time="13.428" errors="0" timestamp="2023-10-15T15:14:05 PDT" skipped="0">
  <testcase classname="com.qa.hybridninja.testcases.HybridNinja_Landing_Test" name="validatePageTitleAndUrl" time="8.188"/>
  <testcase classname="com.qa.hybridninja.testcases.HybridNinja_Landing_Test" name="presenceOfQAFoxLink" time="5.240"/>
</testsuite> <!-- com.qa.hybridninja.testcases.HybridNinja_Landing_Test -->
