<?xml version="1.0" encoding="UTF-8"?>
<!-- Generated by org.testng.reporters.JUnitReportReporter -->
<testsuite hostname="LAPTOP-PLNO5R2G" failures="0" tests="1" name="com.qa.hybridninja.testcases.HybridNinja_Inbox_Test" time="4.337" errors="0" timestamp="2023-10-15T15:14:05 PDT" skipped="0">
  <testcase classname="com.qa.hybridninja.testcases.HybridNinja_Inbox_Test" name="validLogin" time="4.337"/>
</testsuite> <!-- com.qa.hybridninja.testcases.HybridNinja_Inbox_Test -->
