<?xml version="1.0" encoding="UTF-8"?>
<!-- Generated by org.testng.reporters.JUnitReportReporter -->
<testsuite hostname="LAPTOP-PLNO5R2G" failures="0" tests="3" name="com.qa.hybridninja.testcases.HybridNinja_Register_Test" time="13.099" errors="0" timestamp="2023-10-15T15:14:05 PDT" skipped="0">
  <testcase classname="com.qa.hybridninja.testcases.HybridNinja_Register_Test" name="registerWithRequiredFields" time="4.457"/>
  <testcase classname="com.qa.hybridninja.testcases.HybridNinja_Register_Test" name="registerWithAllFields" time="4.109"/>
  <testcase classname="com.qa.hybridninja.testcases.HybridNinja_Register_Test" name="RegisterWithoutAnyDetails" time="4.533"/>
</testsuite> <!-- com.qa.hybridninja.testcases.HybridNinja_Register_Test -->
