<?xml version="1.0" encoding="UTF-8"?>
<!-- Generated by org.testng.reporters.JUnitReportReporter -->
<testsuite hostname="LAPTOP-PLNO5R2G" failures="0" tests="20" name="com.qa.hybridninja.testcases.HybridNinja_Logging_Test" time="88.102" errors="0" timestamp="2023-10-15T15:14:05 PDT" skipped="0">
  <testcase classname="com.qa.hybridninja.testcases.HybridNinja_Logging_Test" name="loginWithValidCredentialsUsingDataProvider" time="4.413"/>
  <testcase classname="com.qa.hybridninja.testcases.HybridNinja_Logging_Test" name="loginWithValidCredentialsUsingDataProvider" time="4.393"/>
  <testcase classname="com.qa.hybridninja.testcases.HybridNinja_Logging_Test" name="loginWithValidCredentialsUsingDataProvider" time="4.510"/>
  <testcase classname="com.qa.hybridninja.testcases.HybridNinja_Logging_Test" name="loginWithValidCredentialsUsingDataProvider" time="4.312"/>
  <testcase classname="com.qa.hybridninja.testcases.HybridNinja_Logging_Test" name="loginWithValidCredentialsUsingDataProvider" time="4.435"/>
  <testcase classname="com.qa.hybridninja.testcases.HybridNinja_Logging_Test" name="loginWithValidCredentialsUsingDataProvider" time="4.424"/>
  <testcase classname="com.qa.hybridninja.testcases.HybridNinja_Logging_Test" name="loginWithValidCredentialsUsingDataProvider" time="5.244"/>
  <testcase classname="com.qa.hybridninja.testcases.HybridNinja_Logging_Test" name="loginWithValidCredentialsUsingDataProvider" time="4.583"/>
  <testcase classname="com.qa.hybridninja.testcases.HybridNinja_Logging_Test" name="loginWithValidCredentialsUsingExcelSheetDataSupply" time="4.385"/>
  <testcase classname="com.qa.hybridninja.testcases.HybridNinja_Logging_Test" name="loginWithValidCredentialsUsingExcelSheetDataSupply" time="4.373"/>
  <testcase classname="com.qa.hybridninja.testcases.HybridNinja_Logging_Test" name="loginWithValidCredentialsUsingExcelSheetDataSupply" time="4.444"/>
  <testcase classname="com.qa.hybridninja.testcases.HybridNinja_Logging_Test" name="loginWithValidCredentialsUsingExcelSheetDataSupply" time="4.335"/>
  <testcase classname="com.qa.hybridninja.testcases.HybridNinja_Logging_Test" name="loginWithValidCredentialsUsingExcelSheetDataSupply" time="4.617"/>
  <testcase classname="com.qa.hybridninja.testcases.HybridNinja_Logging_Test" name="loginWithValidCredentialsUsingExcelSheetDataSupply" time="4.424"/>
  <testcase classname="com.qa.hybridninja.testcases.HybridNinja_Logging_Test" name="loginWithValidCredentialsUsingExcelSheetDataSupply" time="4.299"/>
  <testcase classname="com.qa.hybridninja.testcases.HybridNinja_Logging_Test" name="loginWithValidCredentialsUsingExcelSheetDataSupply" time="4.372"/>
  <testcase classname="com.qa.hybridninja.testcases.HybridNinja_Logging_Test" name="loginWithInvalidCredentials" time="4.076"/>
  <testcase classname="com.qa.hybridninja.testcases.HybridNinja_Logging_Test" name="loginWithValidUsernameInvalidPassword" time="4.139"/>
  <testcase classname="com.qa.hybridninja.testcases.HybridNinja_Logging_Test" name="loginWithInvalidUsernameValidPassword" time="4.075"/>
  <testcase classname="com.qa.hybridninja.testcases.HybridNinja_Logging_Test" name="loginWithNoCredentials" time="4.249"/>
</testsuite> <!-- com.qa.hybridninja.testcases.HybridNinja_Logging_Test -->
