<?xml version="1.0" encoding="UTF-8"?>
<!-- Generated by org.testng.reporters.JUnitReportReporter -->
<testsuite hostname="LAPTOP-PLNO5R2G" failures="0" tests="20" name="com.qa.hybridninja.testcases.HybridNinja_Logging_Test" time="87.163" errors="0" timestamp="2023-10-15T15:24:08 PDT" skipped="0">
  <testcase classname="com.qa.hybridninja.testcases.HybridNinja_Logging_Test" name="loginWithValidCredentialsUsingDataProvider" time="4.327"/>
  <testcase classname="com.qa.hybridninja.testcases.HybridNinja_Logging_Test" name="loginWithValidCredentialsUsingDataProvider" time="4.405"/>
  <testcase classname="com.qa.hybridninja.testcases.HybridNinja_Logging_Test" name="loginWithValidCredentialsUsingDataProvider" time="4.318"/>
  <testcase classname="com.qa.hybridninja.testcases.HybridNinja_Logging_Test" name="loginWithValidCredentialsUsingDataProvider" time="4.441"/>
  <testcase classname="com.qa.hybridninja.testcases.HybridNinja_Logging_Test" name="loginWithValidCredentialsUsingDataProvider" time="4.440"/>
  <testcase classname="com.qa.hybridninja.testcases.HybridNinja_Logging_Test" name="loginWithValidCredentialsUsingDataProvider" time="4.452"/>
  <testcase classname="com.qa.hybridninja.testcases.HybridNinja_Logging_Test" name="loginWithValidCredentialsUsingDataProvider" time="4.340"/>
  <testcase classname="com.qa.hybridninja.testcases.HybridNinja_Logging_Test" name="loginWithValidCredentialsUsingDataProvider" time="4.666"/>
  <testcase classname="com.qa.hybridninja.testcases.HybridNinja_Logging_Test" name="loginWithValidCredentialsUsingExcelSheetDataSupply" time="4.334"/>
  <testcase classname="com.qa.hybridninja.testcases.HybridNinja_Logging_Test" name="loginWithValidCredentialsUsingExcelSheetDataSupply" time="4.354"/>
  <testcase classname="com.qa.hybridninja.testcases.HybridNinja_Logging_Test" name="loginWithValidCredentialsUsingExcelSheetDataSupply" time="4.327"/>
  <testcase classname="com.qa.hybridninja.testcases.HybridNinja_Logging_Test" name="loginWithValidCredentialsUsingExcelSheetDataSupply" time="4.399"/>
  <testcase classname="com.qa.hybridninja.testcases.HybridNinja_Logging_Test" name="loginWithValidCredentialsUsingExcelSheetDataSupply" time="4.360"/>
  <testcase classname="com.qa.hybridninja.testcases.HybridNinja_Logging_Test" name="loginWithValidCredentialsUsingExcelSheetDataSupply" time="4.379"/>
  <testcase classname="com.qa.hybridninja.testcases.HybridNinja_Logging_Test" name="loginWithValidCredentialsUsingExcelSheetDataSupply" time="4.337"/>
  <testcase classname="com.qa.hybridninja.testcases.HybridNinja_Logging_Test" name="loginWithValidCredentialsUsingExcelSheetDataSupply" time="4.454"/>
  <testcase classname="com.qa.hybridninja.testcases.HybridNinja_Logging_Test" name="loginWithInvalidCredentials" time="4.426"/>
  <testcase classname="com.qa.hybridninja.testcases.HybridNinja_Logging_Test" name="loginWithValidUsernameInvalidPassword" time="4.065"/>
  <testcase classname="com.qa.hybridninja.testcases.HybridNinja_Logging_Test" name="loginWithInvalidUsernameValidPassword" time="4.212"/>
  <testcase classname="com.qa.hybridninja.testcases.HybridNinja_Logging_Test" name="loginWithNoCredentials" time="4.127"/>
</testsuite> <!-- com.qa.hybridninja.testcases.HybridNinja_Logging_Test -->
