<?xml version="1.0" encoding="UTF-8"?>
<!-- Generated by org.testng.reporters.JUnitReportReporter -->
<testsuite hostname="LAPTOP-PLNO5R2G" failures="0" tests="1" name="com.qa.hybridninja.testcases.HybridNinja_Links_Test" time="17.004" errors="0" timestamp="2023-10-15T15:24:08 PDT" skipped="0">
  <testcase classname="com.qa.hybridninja.testcases.HybridNinja_Links_Test" name="linkTests" time="17.004"/>
</testsuite> <!-- com.qa.hybridninja.testcases.HybridNinja_Links_Test -->
