<?xml version="1.0" encoding="UTF-8"?>
<!-- Generated by org.testng.reporters.JUnitReportReporter -->
<testsuite hostname="LAPTOP-PLNO5R2G" failures="0" tests="2" name="com.qa.hybridninja.testcases.HybridNinja_Search_Test" time="8.653" errors="0" timestamp="2023-10-15T15:24:08 PDT" skipped="0">
  <testcase classname="com.qa.hybridninja.testcases.HybridNinja_Search_Test" name="searchWithValidProduct" time="4.430"/>
  <testcase classname="com.qa.hybridninja.testcases.HybridNinja_Search_Test" name="searchWithInvalidProduct" time="4.223"/>
</testsuite> <!-- com.qa.hybridninja.testcases.HybridNinja_Search_Test -->
