<?xml version="1.0" encoding="UTF-8"?>
<!-- Generated by org.testng.reporters.JUnitReportReporter -->
<testsuite hostname="LAPTOP-PLNO5R2G" failures="0" tests="3" name="com.qa.hybridninja.testcases.HybridNinja_Register_Test" time="15.845" errors="0" timestamp="2023-10-15T15:24:08 PDT" skipped="0">
  <testcase classname="com.qa.hybridninja.testcases.HybridNinja_Register_Test" name="registerWithRequiredFields" time="5.170"/>
  <testcase classname="com.qa.hybridninja.testcases.HybridNinja_Register_Test" name="registerWithAllFields" time="5.127"/>
  <testcase classname="com.qa.hybridninja.testcases.HybridNinja_Register_Test" name="RegisterWithoutAnyDetails" time="5.548"/>
</testsuite> <!-- com.qa.hybridninja.testcases.HybridNinja_Register_Test -->
